2 GridView/app/build/intermediates/manifest_merge_blame_file/debug/manifest-merger-blame-debug-report.txt
1<?xml version="1.0" encoding="utf-8"?>
2<!--
3VINEETH MYNEEDI
4    UIN : 667740463
5-->
6<manifest xmlns:android="http://schemas.android.com/apk/res/android"
7    package="course.examples.UI.GridLayout"
8    android:versionCode="1"
9    android:versionName="1.0" >
10
11    <uses-sdk
12        android:minSdkVersion="26"
12-->src/main/AndroidManifest.xml
13        android:targetSdkVersion="30" />
13-->src/main/AndroidManifest.xml
14
15    <application
15-->src/main/AndroidManifest.xml:9:5-36:19
16        android:allowBackup="false"
16-->src/main/AndroidManifest.xml:10:9-36
17        android:appComponentFactory="android.support.v4.app.CoreComponentFactory"
17-->[com.android.support:support-compat:28.0.0] AndroidManifest.xml:22:18-91
18        android:debuggable="true"
19        android:extractNativeLibs="false"
20        android:icon="@drawable/ic_launcher"
20-->src/main/AndroidManifest.xml:11:9-45
21        android:label="@string/app_name"
21-->src/main/AndroidManifest.xml:12:9-41
22        android:testOnly="true" >
23        <activity
23-->src/main/AndroidManifest.xml:13:9-15:40
24            android:name="course.examples.UI.GridLayout.Facts"
24-->src/main/AndroidManifest.xml:14:13-34
25            android:exported="false" />
25-->src/main/AndroidManifest.xml:15:13-37
26        <activity
26-->src/main/AndroidManifest.xml:16:9-24:20
27            android:name="course.examples.UI.GridLayout.GridLayoutActivity"
27-->src/main/AndroidManifest.xml:17:13-47
28            android:label="@string/app_name" >
28-->src/main/AndroidManifest.xml:18:13-45
29            <intent-filter>
29-->src/main/AndroidManifest.xml:19:13-23:29
30                <action android:name="android.intent.action.MAIN" />
30-->src/main/AndroidManifest.xml:20:17-69
30-->src/main/AndroidManifest.xml:20:25-66
31
32                <category android:name="android.intent.category.LAUNCHER" />
32-->src/main/AndroidManifest.xml:22:17-77
32-->src/main/AndroidManifest.xml:22:27-74
33            </intent-filter>
34        </activity>
35        <activity android:name="course.examples.UI.GridLayout.ImageViewActivity" >
35-->src/main/AndroidManifest.xml:25:9-35:20
35-->src/main/AndroidManifest.xml:25:19-52
36            <intent-filter>
36-->src/main/AndroidManifest.xml:26:13-34:29
37                <action android:name="android.intent.action.VIEW" />
37-->src/main/AndroidManifest.xml:27:17-76
37-->src/main/AndroidManifest.xml:27:25-66
38
39                <data
39-->src/main/AndroidManifest.xml:29:17-31:62
40                    android:mimeType="image/*"
40-->src/main/AndroidManifest.xml:30:21-47
41                    android:scheme="android.resource" />
41-->src/main/AndroidManifest.xml:31:21-54
42
43                <category android:name="android.intent.category.DEFAULT" />
43-->src/main/AndroidManifest.xml:33:17-85
43-->src/main/AndroidManifest.xml:33:27-73
44            </intent-filter>
45        </activity>
46    </application>
47
48</manifest>